d:\master\zephyr\zephyr_graphics\x64\debug\vc140.pdb
d:\master\zephyr\zephyr_graphics\x64\debug\vc140.idb
d:\master\zephyr\zephyr_graphics\x64\debug\basicrenderpass.obj
d:\master\zephyr\zephyr_graphics\x64\debug\commandlist.obj
d:\master\zephyr\zephyr_graphics\x64\debug\commandqueue.obj
d:\master\zephyr\zephyr_graphics\x64\debug\fence.obj
d:\master\zephyr\zephyr_graphics\x64\debug\renderer.obj
d:\master\zephyr\zephyr_graphics\x64\debug\irenderpass.obj
d:\master\zephyr\zephyr_graphics\x64\debug\resourcemanager.obj
d:\master\zephyr\zephyr_graphics\x64\debug\shadermanager.obj
d:\master\zephyr\zephyr_graphics\x64\debug\zephyr_graphics.obj
d:\master\zephyr\x64\debug\pixel_shader.cso
d:\master\zephyr\x64\debug\vertex_shader.cso
d:\master\zephyr\x64\debug\zephyr_graphics.ilk
d:\master\zephyr\x64\debug\zephyr_graphics.dll
d:\master\zephyr\x64\debug\zephyr_graphics.pdb
d:\master\zephyr\x64\debug\zephyr_graphics.lib
d:\master\zephyr\x64\debug\zephyr_graphics.exp
d:\master\zephyr\zephyr_graphics\x64\debug\zephyr_graphics.tlog\cl.command.1.tlog
d:\master\zephyr\zephyr_graphics\x64\debug\zephyr_graphics.tlog\cl.read.1.tlog
d:\master\zephyr\zephyr_graphics\x64\debug\zephyr_graphics.tlog\cl.write.1.tlog
d:\master\zephyr\zephyr_graphics\x64\debug\zephyr_graphics.tlog\fxc.command.1.tlog
d:\master\zephyr\zephyr_graphics\x64\debug\zephyr_graphics.tlog\fxc.read.1.tlog
d:\master\zephyr\zephyr_graphics\x64\debug\zephyr_graphics.tlog\fxc.write.1.tlog
d:\master\zephyr\zephyr_graphics\x64\debug\zephyr_graphics.tlog\link.command.1.tlog
d:\master\zephyr\zephyr_graphics\x64\debug\zephyr_graphics.tlog\link.read.1.tlog
d:\master\zephyr\zephyr_graphics\x64\debug\zephyr_graphics.tlog\link.write.1.tlog
d:\master\zephyr\zephyr_graphics\x64\debug\zephyr_graphics.tlog\zephyr_graphics.write.1u.tlog
